<?xml version="1.0" encoding="UTF-8"?>
<!-- Generated by org.testng.reporters.JUnitReportReporter -->
<testsuite skipped="0" hostname="Jayashrees-MacBook-Air.local" name="parallel.ParallelRun" tests="1" failures="0" timestamp="06 Feb 2022 16:27:54 GMT" time="19.061" errors="0">
  <testcase name="runScenario" time="19.061" classname="parallel.ParallelRun"/>
</testsuite> <!-- parallel.ParallelRun -->
